<?xml version="1.0" encoding="UTF-8"?>
<!-- Generated by org.testng.reporters.JUnitReportReporter -->
<testsuite hostname="Lab-637618503249394936-1" failures="0" tests="1" name="com.mindtree.runner.LogOut" time="43.107" errors="0" timestamp="2021-09-24T18:29:12 IST" skipped="0">
  <testcase classname="com.mindtree.runner.LogOut" name="LogOutRun" time="43.107"/>
  <system-out/>
</testsuite> <!-- com.mindtree.runner.LogOut -->
