<?xml version="1.0" encoding="UTF-8"?>
<!-- Generated by org.testng.reporters.JUnitReportReporter -->
<testsuite hostname="Lab-637618503249394936-1" failures="0" tests="1" name="com.mindtree.runner.LogIn" time="28.533" errors="0" timestamp="2021-09-24T18:12:55 IST" skipped="0">
  <testcase classname="com.mindtree.runner.LogIn" name="LoginRun" time="28.533"/>
  <system-out/>
</testsuite> <!-- com.mindtree.runner.LogIn -->
