<?xml version="1.0" encoding="UTF-8"?>
<!-- Generated by org.testng.reporters.JUnitReportReporter -->
<testsuite hostname="Lab-637618503249394936-1" failures="0" tests="12" name="com.mindtree.runner.Runner" time="225.878" errors="0" timestamp="2021-09-24T18:03:12 IST" skipped="0">
  <testcase classname="com.mindtree.runner.Runner" name="signrun" time="22.652"/>
  <system-out/>
  <testcase classname="com.mindtree.runner.Runner" name="LoginRun" time="31.340"/>
  <system-out/>
  <testcase classname="com.mindtree.runner.Runner" name="testSearchTitle" time="13.661"/>
  <system-out/>
  <testcase classname="com.mindtree.runner.Runner" name="testSearchTitle" time="7.428"/>
  <system-out/>
  <testcase classname="com.mindtree.runner.Runner" name="testSearchTitle" time="9.221"/>
  <system-out/>
  <testcase classname="com.mindtree.runner.Runner" name="ProfileVer" time="36.957"/>
  <system-out/>
  <testcase classname="com.mindtree.runner.Runner" name="HelpBtn" time="9.561"/>
  <system-out/>
  <testcase classname="com.mindtree.runner.Runner" name="StoreVer" time="12.950"/>
  <system-out/>
  <testcase classname="com.mindtree.runner.Runner" name="Trackorder" time="16.247"/>
  <system-out/>
  <testcase classname="com.mindtree.runner.Runner" name="Subscribe" time="8.322"/>
  <system-out/>
  <testcase classname="com.mindtree.runner.Runner" name="GiftCard" time="15.757"/>
  <system-out/>
  <testcase classname="com.mindtree.runner.Runner" name="LogOutRun" time="41.782"/>
  <system-out/>
</testsuite> <!-- com.mindtree.runner.Runner -->
